<?xml version="1.0" encoding="UTF-8"?>
<!-- Generated by org.testng.reporters.JUnitXMLReporter -->
<testsuite ignored="0" hostname="LAPTOP-T78IAOK8" failures="0" tests="3" name="Default test" time="8.548" errors="0" timestamp="2021-08-01T00:19:34 IST">
  <testcase classname="com.SwagLabs.qa.testcases.LoginPageTest" name="loginPageTitleTest" time="0.032"/>
  <testcase classname="com.SwagLabs.qa.testcases.LoginPageTest" name="validateLogoTest" time="0.066"/>
  <testcase classname="com.SwagLabs.qa.testcases.LoginPageTest" name="LoginTest" time="0.353"/>
</testsuite> <!-- Default test -->
