<?xml version="1.0" encoding="UTF-8"?>
<testng-results ignored="0" total="3" passed="3" failed="0" skipped="0">
  <reporter-output>
  </reporter-output>
  <suite started-at="2021-08-01T00:19:25 IST" name="Default suite" finished-at="2021-08-01T00:19:34 IST" duration-ms="8548">
    <groups>
    </groups>
    <test started-at="2021-08-01T00:19:25 IST" name="Default test" finished-at="2021-08-01T00:19:34 IST" duration-ms="8548">
      <class name="com.SwagLabs.qa.testcases.LoginPageTest">
        <test-method is-config="true" signature="setup()[pri:0, instance:com.SwagLabs.qa.testcases.LoginPageTest@6d3a388c]" started-at="2021-08-01T00:19:25 IST" name="setup" finished-at="2021-08-01T00:19:27 IST" duration-ms="2414" status="PASS">
          <reporter-output>
          </reporter-output>
        </test-method> <!-- setup -->
        <test-method signature="loginPageTitleTest()[pri:1, instance:com.SwagLabs.qa.testcases.LoginPageTest@6d3a388c]" started-at="2021-08-01T00:19:27 IST" name="loginPageTitleTest" finished-at="2021-08-01T00:19:28 IST" duration-ms="32" status="PASS">
          <reporter-output>
          </reporter-output>
        </test-method> <!-- loginPageTitleTest -->
        <test-method is-config="true" signature="teardown()[pri:0, instance:com.SwagLabs.qa.testcases.LoginPageTest@6d3a388c]" started-at="2021-08-01T00:19:28 IST" name="teardown" finished-at="2021-08-01T00:19:28 IST" duration-ms="677" status="PASS">
          <reporter-output>
          </reporter-output>
        </test-method> <!-- teardown -->
        <test-method is-config="true" signature="setup()[pri:0, instance:com.SwagLabs.qa.testcases.LoginPageTest@6d3a388c]" started-at="2021-08-01T00:19:28 IST" name="setup" finished-at="2021-08-01T00:19:30 IST" duration-ms="1824" status="PASS">
          <reporter-output>
          </reporter-output>
        </test-method> <!-- setup -->
        <test-method signature="validateLogoTest()[pri:2, instance:com.SwagLabs.qa.testcases.LoginPageTest@6d3a388c]" started-at="2021-08-01T00:19:30 IST" name="validateLogoTest" finished-at="2021-08-01T00:19:30 IST" duration-ms="66" status="PASS">
          <reporter-output>
          </reporter-output>
        </test-method> <!-- validateLogoTest -->
        <test-method is-config="true" signature="teardown()[pri:0, instance:com.SwagLabs.qa.testcases.LoginPageTest@6d3a388c]" started-at="2021-08-01T00:19:30 IST" name="teardown" finished-at="2021-08-01T00:19:31 IST" duration-ms="634" status="PASS">
          <reporter-output>
          </reporter-output>
        </test-method> <!-- teardown -->
        <test-method is-config="true" signature="setup()[pri:0, instance:com.SwagLabs.qa.testcases.LoginPageTest@6d3a388c]" started-at="2021-08-01T00:19:31 IST" name="setup" finished-at="2021-08-01T00:19:33 IST" duration-ms="1813" status="PASS">
          <reporter-output>
          </reporter-output>
        </test-method> <!-- setup -->
        <test-method signature="LoginTest()[pri:3, instance:com.SwagLabs.qa.testcases.LoginPageTest@6d3a388c]" started-at="2021-08-01T00:19:33 IST" name="LoginTest" finished-at="2021-08-01T00:19:33 IST" duration-ms="353" status="PASS">
          <reporter-output>
          </reporter-output>
        </test-method> <!-- LoginTest -->
        <test-method is-config="true" signature="teardown()[pri:0, instance:com.SwagLabs.qa.testcases.LoginPageTest@6d3a388c]" started-at="2021-08-01T00:19:33 IST" name="teardown" finished-at="2021-08-01T00:19:34 IST" duration-ms="685" status="PASS">
          <reporter-output>
          </reporter-output>
        </test-method> <!-- teardown -->
      </class> <!-- com.SwagLabs.qa.testcases.LoginPageTest -->
    </test> <!-- Default test -->
  </suite> <!-- Default suite -->
</testng-results>
